Build started 14/03/2012 22:05:24.
     1>Project "C:\Users\Administrador\Documents\Docs\Programacao Estrutura\Modulo 1 Exerciocio 1 ponteiro\Modulo 1 Exerciocio 1 ponteiro\Modulo 1 Exerciocio 1 ponteiro.vcxproj" on node 2 (build target(s)).
     1>InitializeBuildStatus:
         Touching "Debug\Modulo 1 Exerciocio 1 ponteiro.unsuccessfulbuild".
       ClCompile:
         All outputs are up-to-date.
         All outputs are up-to-date.
       ManifestResourceCompile:
         All outputs are up-to-date.
       Link:
         C:\Program Files (x86)\Microsoft Visual Studio 10.0\VC\bin\link.exe /ERRORREPORT:PROMPT /OUT:"C:\Users\Administrador\Documents\Docs\Programacao Estrutura\Modulo 1 Exerciocio 1 ponteiro\Debug\Modulo 1 Exerciocio 1 ponteiro.exe" /INCREMENTAL /NOLOGO kernel32.lib user32.lib gdi32.lib winspool.lib comdlg32.lib advapi32.lib shell32.lib ole32.lib oleaut32.lib uuid.lib odbc32.lib odbccp32.lib /MANIFEST /ManifestFile:"Debug\Modulo 1 Exerciocio 1 ponteiro.exe.intermediate.manifest" /MANIFESTUAC:"level='asInvoker' uiAccess='false'" /DEBUG /PDB:"C:\Users\Administrador\Documents\Docs\Programacao Estrutura\Modulo 1 Exerciocio 1 ponteiro\Debug\Modulo 1 Exerciocio 1 ponteiro.pdb" /SUBSYSTEM:CONSOLE /TLBID:1 /DYNAMICBASE /NXCOMPAT /IMPLIB:"C:\Users\Administrador\Documents\Docs\Programacao Estrutura\Modulo 1 Exerciocio 1 ponteiro\Debug\Modulo 1 Exerciocio 1 ponteiro.lib" /MACHINE:X86 "Debug\Modulo 1 Exerciocio 1 ponteiro.exe.embed.manifest.res"
         "Debug\Modulo 1 Exerciocio 1 ponteiro.obj"
         Debug\stdafx.obj
       Manifest:
         C:\Program Files (x86)\Microsoft SDKs\Windows\v7.0A\bin\mt.exe /nologo /verbose /out:"Debug\Modulo 1 Exerciocio 1 ponteiro.exe.embed.manifest" /manifest "Debug\Modulo 1 Exerciocio 1 ponteiro.exe.intermediate.manifest"
         All outputs are up-to-date.
       LinkEmbedManifest:
         All outputs are up-to-date.
         Modulo 1 Exerciocio 1 ponteiro.vcxproj -> C:\Users\Administrador\Documents\Docs\Programacao Estrutura\Modulo 1 Exerciocio 1 ponteiro\Debug\Modulo 1 Exerciocio 1 ponteiro.exe
       FinalizeBuildStatus:
         Deleting file "Debug\Modulo 1 Exerciocio 1 ponteiro.unsuccessfulbuild".
         Touching "Debug\Modulo 1 Exerciocio 1 ponteiro.lastbuildstate".
     1>Done Building Project "C:\Users\Administrador\Documents\Docs\Programacao Estrutura\Modulo 1 Exerciocio 1 ponteiro\Modulo 1 Exerciocio 1 ponteiro\Modulo 1 Exerciocio 1 ponteiro.vcxproj" (build target(s)).

Build succeeded.

Time Elapsed 00:00:00.34
