Build started 28/02/2012 22:30:34.
     1>Project "C:\Users\Administrador\Documents\Docs\Programacao Estrutura\Modulo 1 Exercicio 1\Modulo 1 Exercicio 1\Modulo 1 Exercicio 1.vcxproj" on node 2 (build target(s)).
     1>InitializeBuildStatus:
         Creating "Debug\Modulo 1 Exercicio 1.unsuccessfulbuild" because "AlwaysCreate" was specified.
       ClCompile:
         All outputs are up-to-date.
         c:\Program Files (x86)\Microsoft Visual Studio 10.0\VC\bin\CL.exe /c /ZI /nologo /W3 /WX- /Od /Oy- /D WIN32 /D _DEBUG /D _CONSOLE /D _UNICODE /D UNICODE /Gm /EHsc /RTC1 /MDd /GS /fp:precise /Zc:wchar_t /Zc:forScope /Yu"StdAfx.h" /Fp"Debug\Modulo 1 Exercicio 1.pch" /Fo"Debug\\" /Fd"Debug\vc100.pdb" /Gd /TP /analyze- /errorReport:prompt "Modulo 1 Exercicio 1.cpp"
         Modulo 1 Exercicio 1.cpp
     1>c:\users\administrador\documents\docs\programacao estrutura\modulo 1 exercicio 1\modulo 1 exercicio 1\modulo 1 exercicio 1.cpp(13): warning C4091: 'typedef ' : ignored on left of 'cliente' when no variable is declared
     1>c:\users\administrador\documents\docs\programacao estrutura\modulo 1 exercicio 1\modulo 1 exercicio 1\modulo 1 exercicio 1.cpp(26): warning C4996: 'scanf': This function or variable may be unsafe. Consider using scanf_s instead. To disable deprecation, use _CRT_SECURE_NO_WARNINGS. See online help for details.
                 c:\program files (x86)\microsoft visual studio 10.0\vc\include\stdio.h(304) : see declaration of 'scanf'
     1>c:\users\administrador\documents\docs\programacao estrutura\modulo 1 exercicio 1\modulo 1 exercicio 1\modulo 1 exercicio 1.cpp(33): warning C4996: 'scanf': This function or variable may be unsafe. Consider using scanf_s instead. To disable deprecation, use _CRT_SECURE_NO_WARNINGS. See online help for details.
                 c:\program files (x86)\microsoft visual studio 10.0\vc\include\stdio.h(304) : see declaration of 'scanf'
     1>c:\users\administrador\documents\docs\programacao estrutura\modulo 1 exercicio 1\modulo 1 exercicio 1\modulo 1 exercicio 1.cpp(64): warning C4996: 'gets': This function or variable may be unsafe. Consider using gets_s instead. To disable deprecation, use _CRT_SECURE_NO_WARNINGS. See online help for details.
                 c:\program files (x86)\microsoft visual studio 10.0\vc\include\stdio.h(277) : see declaration of 'gets'
     1>c:\users\administrador\documents\docs\programacao estrutura\modulo 1 exercicio 1\modulo 1 exercicio 1\modulo 1 exercicio 1.cpp(77): warning C4996: 'scanf': This function or variable may be unsafe. Consider using scanf_s instead. To disable deprecation, use _CRT_SECURE_NO_WARNINGS. See online help for details.
                 c:\program files (x86)\microsoft visual studio 10.0\vc\include\stdio.h(304) : see declaration of 'scanf'
     1>c:\users\administrador\documents\docs\programacao estrutura\modulo 1 exercicio 1\modulo 1 exercicio 1\modulo 1 exercicio 1.cpp(48): warning C4700: uninitialized local variable 'cconta' used
       ManifestResourceCompile:
         All outputs are up-to-date.
       Link:
         c:\Program Files (x86)\Microsoft Visual Studio 10.0\VC\bin\link.exe /ERRORREPORT:PROMPT /OUT:"C:\Users\Administrador\Documents\Docs\Programacao Estrutura\Modulo 1 Exercicio 1\Debug\Modulo 1 Exercicio 1.exe" /INCREMENTAL /NOLOGO kernel32.lib user32.lib gdi32.lib winspool.lib comdlg32.lib advapi32.lib shell32.lib ole32.lib oleaut32.lib uuid.lib odbc32.lib odbccp32.lib /MANIFEST /ManifestFile:"Debug\Modulo 1 Exercicio 1.exe.intermediate.manifest" /MANIFESTUAC:"level='asInvoker' uiAccess='false'" /DEBUG /PDB:"C:\Users\Administrador\Documents\Docs\Programacao Estrutura\Modulo 1 Exercicio 1\Debug\Modulo 1 Exercicio 1.pdb" /SUBSYSTEM:CONSOLE /TLBID:1 /DYNAMICBASE /NXCOMPAT /IMPLIB:"C:\Users\Administrador\Documents\Docs\Programacao Estrutura\Modulo 1 Exercicio 1\Debug\Modulo 1 Exercicio 1.lib" /MACHINE:X86 "Debug\Modulo 1 Exercicio 1.exe.embed.manifest.res"
         "Debug\Modulo 1 Exercicio 1.obj"
         Debug\stdafx.obj
       Manifest:
         C:\Program Files (x86)\Microsoft SDKs\Windows\v7.0A\bin\mt.exe /nologo /verbose /out:"Debug\Modulo 1 Exercicio 1.exe.embed.manifest" /manifest "Debug\Modulo 1 Exercicio 1.exe.intermediate.manifest"
         All outputs are up-to-date.
       LinkEmbedManifest:
         All outputs are up-to-date.
         Modulo 1 Exercicio 1.vcxproj -> C:\Users\Administrador\Documents\Docs\Programacao Estrutura\Modulo 1 Exercicio 1\Debug\Modulo 1 Exercicio 1.exe
       FinalizeBuildStatus:
         Deleting file "Debug\Modulo 1 Exercicio 1.unsuccessfulbuild".
         Touching "Debug\Modulo 1 Exercicio 1.lastbuildstate".
     1>Done Building Project "C:\Users\Administrador\Documents\Docs\Programacao Estrutura\Modulo 1 Exercicio 1\Modulo 1 Exercicio 1\Modulo 1 Exercicio 1.vcxproj" (build target(s)).

Build succeeded.

Time Elapsed 00:00:00.47
