Flow report for PortaLogicas
Mon Mar 12 22:18:21 2012
Quartus II Version 7.2 Build 175 11/20/2007 Service Pack 1 SJ Web Edition


---------------------
; Table of Contents ;
---------------------
  1. Legal Notice
  2. Flow Summary
  3. Flow Settings
  4. Flow Non-Default Global Settings
  5. Flow Elapsed Time
  6. Flow Log



----------------
; Legal Notice ;
----------------
Copyright (C) 1991-2007 Altera Corporation
Your use of Altera Corporation's design tools, logic functions 
and other software and tools, and its AMPP partner logic 
functions, and any output files from any of the foregoing 
(including device programming or simulation files), and any 
associated documentation or information are expressly subject 
to the terms and conditions of the Altera Program License 
Subscription Agreement, Altera MegaCore Function License 
Agreement, or other applicable license agreement, including, 
without limitation, that your use is for the sole purpose of 
programming logic devices manufactured by Altera and sold by 
Altera or its authorized distributors.  Please refer to the 
applicable agreement for further details.



+------------------------------------------------------------------------+
; Flow Summary                                                           ;
+-------------------------+----------------------------------------------+
; Flow Status             ; Successful - Mon Mar 12 22:18:21 2012        ;
; Quartus II Version      ; 7.2 Build 175 11/20/2007 SP 1 SJ Web Edition ;
; Revision Name           ; PortaLogicas                                 ;
; Top-level Entity Name   ; PortaLogicas                                 ;
; Family                  ; MAX7000S                                     ;
; Device                  ; EPM7128SLC84-15                              ;
; Timing Models           ; Final                                        ;
; Met timing requirements ; Yes                                          ;
; Total macrocells        ; 3 / 128 ( 2 % )                              ;
; Total pins              ; 9 / 68 ( 13 % )                              ;
+-------------------------+----------------------------------------------+


+-----------------------------------------+
; Flow Settings                           ;
+-------------------+---------------------+
; Option            ; Setting             ;
+-------------------+---------------------+
; Start date & time ; 03/12/2012 22:18:13 ;
; Main task         ; Compilation         ;
; Revision Name     ; PortaLogicas        ;
+-------------------+---------------------+


+---------------------------------------------------------------------------------------+
; Flow Non-Default Global Settings                                                      ;
+------------------------------------+-------+---------------+-------------+------------+
; Assignment Name                    ; Value ; Default Value ; Entity Name ; Section Id ;
+------------------------------------+-------+---------------+-------------+------------+
; USE_GENERATED_PHYSICAL_CONSTRAINTS ; Off   ; --            ; --          ; eda_palace ;
+------------------------------------+-------+---------------+-------------+------------+


+------------------------------------------------------------------+
; Flow Elapsed Time                                                ;
+-------------------------+--------------+-------------------------+
; Module Name             ; Elapsed Time ; Average Processors Used ;
+-------------------------+--------------+-------------------------+
; Analysis & Synthesis    ; 00:00:01     ; 1.0                     ;
; Fitter                  ; 00:00:01     ; 1.0                     ;
; Assembler               ; 00:00:01     ; 1.0                     ;
; Classic Timing Analyzer ; 00:00:01     ; 1.0                     ;
; Total                   ; 00:00:04     ; --                      ;
+-------------------------+--------------+-------------------------+


------------
; Flow Log ;
------------
quartus_map --read_settings_files=on --write_settings_files=off PortaLogicas -c PortaLogicas
quartus_fit --read_settings_files=off --write_settings_files=off PortaLogicas -c PortaLogicas
quartus_asm --read_settings_files=off --write_settings_files=off PortaLogicas -c PortaLogicas
quartus_tan --read_settings_files=off --write_settings_files=off PortaLogicas -c PortaLogicas



